2024-08-09T22:00:34.230-04:00  INFO 6776 --- [01_SB_Logging_App] [restartedMain] in.ashokit.Application                   : Starting Application using Java 17.0.8.1 with PID 6776 (C:\Users\gp\Documents\workspace-spring-tool-suite-4-4.20.0.RELEASE\01_SB_Logging_App\target\classes started by gp in C:\Users\gp\Documents\workspace-spring-tool-suite-4-4.20.0.RELEASE\01_SB_Logging_App)
2024-08-09T22:00:34.239-04:00  INFO 6776 --- [01_SB_Logging_App] [restartedMain] in.ashokit.Application                   : No active profile set, falling back to 1 default profile: "default"
2024-08-09T22:00:34.359-04:00  INFO 6776 --- [01_SB_Logging_App] [restartedMain] .e.DevToolsPropertyDefaultsPostProcessor : Devtools property defaults active! Set 'spring.devtools.add-properties' to 'false' to disable
2024-08-09T22:00:34.360-04:00  INFO 6776 --- [01_SB_Logging_App] [restartedMain] .e.DevToolsPropertyDefaultsPostProcessor : For additional web related logging consider setting the 'logging.level.web' property to 'DEBUG'
2024-08-09T22:00:36.034-04:00  INFO 6776 --- [01_SB_Logging_App] [restartedMain] o.s.b.w.embedded.tomcat.TomcatWebServer  : Tomcat initialized with port 8080 (http)
2024-08-09T22:00:36.057-04:00  INFO 6776 --- [01_SB_Logging_App] [restartedMain] o.apache.catalina.core.StandardService   : Starting service [Tomcat]
2024-08-09T22:00:36.057-04:00  INFO 6776 --- [01_SB_Logging_App] [restartedMain] o.apache.catalina.core.StandardEngine    : Starting Servlet engine: [Apache Tomcat/10.1.26]
2024-08-09T22:00:36.163-04:00  INFO 6776 --- [01_SB_Logging_App] [restartedMain] o.a.c.c.C.[Tomcat].[localhost].[/]       : Initializing Spring embedded WebApplicationContext
2024-08-09T22:00:36.163-04:00  INFO 6776 --- [01_SB_Logging_App] [restartedMain] w.s.c.ServletWebServerApplicationContext : Root WebApplicationContext: initialization completed in 1802 ms
2024-08-09T22:00:36.709-04:00  INFO 6776 --- [01_SB_Logging_App] [restartedMain] o.s.b.d.a.OptionalLiveReloadServer       : LiveReload server is running on port 35729
2024-08-09T22:00:36.778-04:00  INFO 6776 --- [01_SB_Logging_App] [restartedMain] o.s.b.w.embedded.tomcat.TomcatWebServer  : Tomcat started on port 8080 (http) with context path '/'
2024-08-09T22:00:36.802-04:00  INFO 6776 --- [01_SB_Logging_App] [restartedMain] in.ashokit.Application                   : Started Application in 3.442 seconds (process running for 5.483)
2024-08-09T22:01:05.458-04:00  INFO 6776 --- [01_SB_Logging_App] [http-nio-8080-exec-1] o.a.c.c.C.[Tomcat].[localhost].[/]       : Initializing Spring DispatcherServlet 'dispatcherServlet'
2024-08-09T22:01:05.459-04:00  INFO 6776 --- [01_SB_Logging_App] [http-nio-8080-exec-1] o.s.web.servlet.DispatcherServlet        : Initializing Servlet 'dispatcherServlet'
2024-08-09T22:01:05.461-04:00  INFO 6776 --- [01_SB_Logging_App] [http-nio-8080-exec-1] o.s.web.servlet.DispatcherServlet        : Completed initialization in 2 ms
2024-08-09T22:01:05.544-04:00  INFO 6776 --- [01_SB_Logging_App] [http-nio-8080-exec-1] in.ashokit.rest.UserRestCController2     : execution info started
2024-08-09T22:01:05.545-04:00  WARN 6776 --- [01_SB_Logging_App] [http-nio-8080-exec-1] in.ashokit.rest.UserRestCController2     : execution warn ended
2024-08-09T22:01:05.546-04:00 ERROR 6776 --- [01_SB_Logging_App] [http-nio-8080-exec-1] in.ashokit.rest.UserRestCController2     : execution err ended
2024-08-09T22:03:53.379-04:00  INFO 6776 --- [01_SB_Logging_App] [File Watcher] rtingClassPathChangeChangedEventListener : Restarting due to 1 class path change (0 additions, 0 deletions, 1 modification)
2024-08-09T22:04:11.470-04:00  WARN 8384 --- [01_SB_Logging_App] [restartedMain] o.s.b.d.a.OptionalLiveReloadServer       : Unable to start LiveReload server
2024-08-09T22:04:11.510-04:00  WARN 8384 --- [01_SB_Logging_App] [restartedMain] ConfigServletWebServerApplicationContext : Exception encountered during context initialization - cancelling refresh attempt: org.springframework.context.ApplicationContextException: Failed to start bean 'webServerStartStop'
2024-08-09T22:04:11.587-04:00 ERROR 8384 --- [01_SB_Logging_App] [restartedMain] o.s.b.d.LoggingFailureAnalysisReporter   : 

***************************
APPLICATION FAILED TO START
***************************

Description:

Web server failed to start. Port 8080 was already in use.

Action:

Identify and stop the process that's listening on port 8080 or configure this application to listen on another port.

